<?xml version="1.0" encoding="UTF-8" ?>
<testsuites>
  <testsuite errors="0" failures="0" hostname="cybrandian-PC" id="0" name="BookTest" package="com.virtualpairprogrammers.domain" skipped="0" tests="2" time="0.045" timestamp="2013-09-18T14:03:12">
      <properties>
[...]
</properties>

      <testcase classname="com.virtualpairprogrammers.domain.BookTest" name="testConvertingToString" time="0.005" />

      <testcase classname="com.virtualpairprogrammers.domain.BookTest" name="testBooksWithTheSameIsbnAreConsideredEqual" time="0.0" />

      <system-out><![CDATA[]]></system-out>

      <system-err><![CDATA[]]></system-err>

  </testsuite>
  <testsuite errors="0" failures="0" hostname="cybrandian-PC" id="1" name="OrderTest" package="com.virtualpairprogrammers.domain" skipped="0" tests="1" time="0.012" timestamp="2013-09-18T14:03:12">
      <properties>
[...]
</properties>

      <testcase classname="com.virtualpairprogrammers.domain.OrderTest" name="testOrdersCreatedOk" time="0.004" />

      <system-out><![CDATA[]]></system-out>

      <system-err><![CDATA[]]></system-err>

  </testsuite>
</testsuites>
